Lancement du : ./auto_run_train.sh avec seed initial : 0, nombre d'agents : 2 et freq échange de donnée : 1
Created folder: /home/adrissi/innovR/gegelati-apps/mnist/logs/FL/2_Agents/nb_aggr_1|seed_0|2024-04-25_17:12.23
Start MNIST application.
Nbr of training images = 60000
Nbr of training labels = 60000
Nbr of test images = 10000
Nbr of test labels = 10000
Number of threads: 48
Lancement du : ./auto_run_train.sh avec seed initial : 0, nombre d'agents : 2 et freq échange de donnée : 2
Created folder: /home/adrissi/innovR/gegelati-apps/mnist/logs/FL/2_Agents/nb_aggr_2|seed_0|2024-04-25_17:23.50
Start MNIST application.
Nbr of training images = 60000
Nbr of training labels = 60000
Nbr of test images = 10000
Nbr of test labels = 10000
Number of threads: 48
Lancement du : ./auto_run_train.sh avec seed initial : 0, nombre d'agents : 2 et freq échange de donnée : 3
Created folder: /home/adrissi/innovR/gegelati-apps/mnist/logs/FL/2_Agents/nb_aggr_3|seed_0|2024-04-25_17:35.54
Start MNIST application.
Nbr of training images = 60000
Nbr of training labels = 60000
Nbr of test images = 10000
Nbr of test labels = 10000
Number of threads: 48
Lancement du : ./auto_run_train.sh avec seed initial : 0, nombre d'agents : 2 et freq échange de donnée : 4
Created folder: /home/adrissi/innovR/gegelati-apps/mnist/logs/FL/2_Agents/nb_aggr_4|seed_0|2024-04-25_17:49.08
Start MNIST application.
Nbr of training images = 60000
Nbr of training labels = 60000
Nbr of test images = 10000
Nbr of test labels = 10000
Number of threads: 48
Lancement du : ./auto_run_train.sh avec seed initial : 0, nombre d'agents : 2 et freq échange de donnée : 5
Created folder: /home/adrissi/innovR/gegelati-apps/mnist/logs/FL/2_Agents/nb_aggr_5|seed_0|2024-04-25_18:00.52
Start MNIST application.
Nbr of training images = 60000
Nbr of training labels = 60000
Nbr of test images = 10000
Nbr of test labels = 10000
Number of threads: 48
Lancement du : ./auto_run_train.sh avec seed initial : 1, nombre d'agents : 2 et freq échange de donnée : 1
Created folder: /home/adrissi/innovR/gegelati-apps/mnist/logs/FL/2_Agents/nb_aggr_1|seed_1|2024-04-25_18:12.55
Start MNIST application.
Nbr of training images = 60000
Nbr of training labels = 60000
Nbr of test images = 10000
Nbr of test labels = 10000
Number of threads: 48
Lancement du : ./auto_run_train.sh avec seed initial : 1, nombre d'agents : 2 et freq échange de donnée : 2
Created folder: /home/adrissi/innovR/gegelati-apps/mnist/logs/FL/2_Agents/nb_aggr_2|seed_1|2024-04-25_18:23.52
Start MNIST application.
Nbr of training images = 60000
Nbr of training labels = 60000
Nbr of test images = 10000
Nbr of test labels = 10000
Number of threads: 48
Lancement du : ./auto_run_train.sh avec seed initial : 1, nombre d'agents : 2 et freq échange de donnée : 3
Created folder: /home/adrissi/innovR/gegelati-apps/mnist/logs/FL/2_Agents/nb_aggr_3|seed_1|2024-04-25_18:34.48
Start MNIST application.
Nbr of training images = 60000
Nbr of training labels = 60000
Nbr of test images = 10000
Nbr of test labels = 10000
Number of threads: 48
Lancement du : ./auto_run_train.sh avec seed initial : 1, nombre d'agents : 2 et freq échange de donnée : 4
Created folder: /home/adrissi/innovR/gegelati-apps/mnist/logs/FL/2_Agents/nb_aggr_4|seed_1|2024-04-25_18:46.30
Start MNIST application.
Nbr of training images = 60000
Nbr of training labels = 60000
Nbr of test images = 10000
Nbr of test labels = 10000
Number of threads: 48
Lancement du : ./auto_run_train.sh avec seed initial : 1, nombre d'agents : 2 et freq échange de donnée : 5
Created folder: /home/adrissi/innovR/gegelati-apps/mnist/logs/FL/2_Agents/nb_aggr_5|seed_1|2024-04-25_18:58.44
Start MNIST application.
Nbr of training images = 60000
Nbr of training labels = 60000
Nbr of test images = 10000
Nbr of test labels = 10000
Number of threads: 48
Lancement du : ./auto_run_train.sh avec seed initial : 2, nombre d'agents : 2 et freq échange de donnée : 1
Created folder: /home/adrissi/innovR/gegelati-apps/mnist/logs/FL/2_Agents/nb_aggr_1|seed_2|2024-04-25_19:10.46
Start MNIST application.
Nbr of training images = 60000
Nbr of training labels = 60000
Nbr of test images = 10000
Nbr of test labels = 10000
Number of threads: 48
Lancement du : ./auto_run_train.sh avec seed initial : 2, nombre d'agents : 2 et freq échange de donnée : 2
Created folder: /home/adrissi/innovR/gegelati-apps/mnist/logs/FL/2_Agents/nb_aggr_2|seed_2|2024-04-25_19:24.00
Start MNIST application.
Nbr of training images = 60000
Nbr of training labels = 60000
Nbr of test images = 10000
Nbr of test labels = 10000
Number of threads: 48
Lancement du : ./auto_run_train.sh avec seed initial : 2, nombre d'agents : 2 et freq échange de donnée : 3
Created folder: /home/adrissi/innovR/gegelati-apps/mnist/logs/FL/2_Agents/nb_aggr_3|seed_2|2024-04-25_19:37.31
Start MNIST application.
Nbr of training images = 60000
Nbr of training labels = 60000
Nbr of test images = 10000
Nbr of test labels = 10000
Number of threads: 48
Lancement du : ./auto_run_train.sh avec seed initial : 2, nombre d'agents : 2 et freq échange de donnée : 4
Created folder: /home/adrissi/innovR/gegelati-apps/mnist/logs/FL/2_Agents/nb_aggr_4|seed_2|2024-04-25_19:49.18
Start MNIST application.
Nbr of training images = 60000
Nbr of training labels = 60000
Nbr of test images = 10000
Nbr of test labels = 10000
Number of threads: 48
Lancement du : ./auto_run_train.sh avec seed initial : 2, nombre d'agents : 2 et freq échange de donnée : 5
Created folder: /home/adrissi/innovR/gegelati-apps/mnist/logs/FL/2_Agents/nb_aggr_5|seed_2|2024-04-25_20:01.00
Start MNIST application.
Nbr of training images = 60000
Nbr of training labels = 60000
Nbr of test images = 10000
Nbr of test labels = 10000
Number of threads: 48
Lancement du : ./auto_run_train.sh avec seed initial : 3, nombre d'agents : 2 et freq échange de donnée : 1
Created folder: /home/adrissi/innovR/gegelati-apps/mnist/logs/FL/2_Agents/nb_aggr_1|seed_3|2024-04-25_20:12.13
Start MNIST application.
Nbr of training images = 60000
Nbr of training labels = 60000
Nbr of test images = 10000
Nbr of test labels = 10000
Number of threads: 48
Lancement du : ./auto_run_train.sh avec seed initial : 3, nombre d'agents : 2 et freq échange de donnée : 2
Created folder: /home/adrissi/innovR/gegelati-apps/mnist/logs/FL/2_Agents/nb_aggr_2|seed_3|2024-04-25_20:23.20
Start MNIST application.
Nbr of training images = 60000
Nbr of training labels = 60000
Nbr of test images = 10000
Nbr of test labels = 10000
Number of threads: 48
Lancement du : ./auto_run_train.sh avec seed initial : 3, nombre d'agents : 2 et freq échange de donnée : 3
Created folder: /home/adrissi/innovR/gegelati-apps/mnist/logs/FL/2_Agents/nb_aggr_3|seed_3|2024-04-25_20:36.14
Start MNIST application.
Nbr of training images = 60000
Nbr of training labels = 60000
Nbr of test images = 10000
Nbr of test labels = 10000
Number of threads: 48
Lancement du : ./auto_run_train.sh avec seed initial : 3, nombre d'agents : 2 et freq échange de donnée : 4
Created folder: /home/adrissi/innovR/gegelati-apps/mnist/logs/FL/2_Agents/nb_aggr_4|seed_3|2024-04-25_20:47.48
Start MNIST application.
Nbr of training images = 60000
Nbr of training labels = 60000
Nbr of test images = 10000
Nbr of test labels = 10000
Number of threads: 48
Lancement du : ./auto_run_train.sh avec seed initial : 3, nombre d'agents : 2 et freq échange de donnée : 5
Created folder: /home/adrissi/innovR/gegelati-apps/mnist/logs/FL/2_Agents/nb_aggr_5|seed_3|2024-04-25_20:59.10
Start MNIST application.
Nbr of training images = 60000
Nbr of training labels = 60000
Nbr of test images = 10000
Nbr of test labels = 10000
Number of threads: 48
Lancement du : ./auto_run_train.sh avec seed initial : 4, nombre d'agents : 2 et freq échange de donnée : 1
Created folder: /home/adrissi/innovR/gegelati-apps/mnist/logs/FL/2_Agents/nb_aggr_1|seed_4|2024-04-25_21:09.45
Start MNIST application.
Nbr of training images = 60000
Nbr of training labels = 60000
Nbr of test images = 10000
Nbr of test labels = 10000
Number of threads: 48
Lancement du : ./auto_run_train.sh avec seed initial : 4, nombre d'agents : 2 et freq échange de donnée : 2
Created folder: /home/adrissi/innovR/gegelati-apps/mnist/logs/FL/2_Agents/nb_aggr_2|seed_4|2024-04-25_21:21.15
Start MNIST application.
Nbr of training images = 60000
Nbr of training labels = 60000
Nbr of test images = 10000
Nbr of test labels = 10000
Number of threads: 48
Lancement du : ./auto_run_train.sh avec seed initial : 4, nombre d'agents : 2 et freq échange de donnée : 3
Created folder: /home/adrissi/innovR/gegelati-apps/mnist/logs/FL/2_Agents/nb_aggr_3|seed_4|2024-04-25_21:33.29
Start MNIST application.
Nbr of training images = 60000
Nbr of training labels = 60000
Nbr of test images = 10000
Nbr of test labels = 10000
Number of threads: 48
Lancement du : ./auto_run_train.sh avec seed initial : 4, nombre d'agents : 2 et freq échange de donnée : 4
Created folder: /home/adrissi/innovR/gegelati-apps/mnist/logs/FL/2_Agents/nb_aggr_4|seed_4|2024-04-25_21:44.04
Start MNIST application.
Nbr of training images = 60000
Nbr of training labels = 60000
Nbr of test images = 10000
Nbr of test labels = 10000
Number of threads: 48
Lancement du : ./auto_run_train.sh avec seed initial : 4, nombre d'agents : 2 et freq échange de donnée : 5
Created folder: /home/adrissi/innovR/gegelati-apps/mnist/logs/FL/2_Agents/nb_aggr_5|seed_4|2024-04-25_21:55.22
Start MNIST application.
Nbr of training images = 60000
Nbr of training labels = 60000
Nbr of test images = 10000
Nbr of test labels = 10000
Number of threads: 48
Lancement du : ./auto_run_train.sh avec seed initial : 5, nombre d'agents : 2 et freq échange de donnée : 1
Created folder: /home/adrissi/innovR/gegelati-apps/mnist/logs/FL/2_Agents/nb_aggr_1|seed_5|2024-04-25_22:07.12
Start MNIST application.
Nbr of training images = 60000
Nbr of training labels = 60000
Nbr of test images = 10000
Nbr of test labels = 10000
Number of threads: 48
Lancement du : ./auto_run_train.sh avec seed initial : 5, nombre d'agents : 2 et freq échange de donnée : 2
Created folder: /home/adrissi/innovR/gegelati-apps/mnist/logs/FL/2_Agents/nb_aggr_2|seed_5|2024-04-25_22:19.41
Start MNIST application.
Nbr of training images = 60000
Nbr of training labels = 60000
Nbr of test images = 10000
Nbr of test labels = 10000
Number of threads: 48
Lancement du : ./auto_run_train.sh avec seed initial : 5, nombre d'agents : 2 et freq échange de donnée : 3
Created folder: /home/adrissi/innovR/gegelati-apps/mnist/logs/FL/2_Agents/nb_aggr_3|seed_5|2024-04-25_22:32.00
Start MNIST application.
Nbr of training images = 60000
Nbr of training labels = 60000
Nbr of test images = 10000
Nbr of test labels = 10000
Number of threads: 48
Lancement du : ./auto_run_train.sh avec seed initial : 5, nombre d'agents : 2 et freq échange de donnée : 4
Created folder: /home/adrissi/innovR/gegelati-apps/mnist/logs/FL/2_Agents/nb_aggr_4|seed_5|2024-04-25_22:43.40
Start MNIST application.
Nbr of training images = 60000
Nbr of training labels = 60000
Nbr of test images = 10000
Nbr of test labels = 10000
Number of threads: 48
Lancement du : ./auto_run_train.sh avec seed initial : 5, nombre d'agents : 2 et freq échange de donnée : 5
Created folder: /home/adrissi/innovR/gegelati-apps/mnist/logs/FL/2_Agents/nb_aggr_5|seed_5|2024-04-25_22:57.32
Start MNIST application.
Nbr of training images = 60000
Nbr of training labels = 60000
Nbr of test images = 10000
Nbr of test labels = 10000
Number of threads: 48
Lancement du : ./auto_run_train.sh avec seed initial : 0, nombre d'agents : 3 et freq échange de donnée : 1
Created folder: /home/adrissi/innovR/gegelati-apps/mnist/logs/FL/3_Agents/nb_aggr_1|seed_0|2024-04-25_23:09.03
Start MNIST application.
Nbr of training images = 60000
Nbr of training labels = 60000
Nbr of test images = 10000
Nbr of test labels = 10000
Number of threads: 48
Lancement du : ./auto_run_train.sh avec seed initial : 0, nombre d'agents : 3 et freq échange de donnée : 2
Created folder: /home/adrissi/innovR/gegelati-apps/mnist/logs/FL/3_Agents/nb_aggr_2|seed_0|2024-04-25_23:26.42
Start MNIST application.
Nbr of training images = 60000
Nbr of training labels = 60000
Nbr of test images = 10000
Nbr of test labels = 10000
Number of threads: 48
Lancement du : ./auto_run_train.sh avec seed initial : 0, nombre d'agents : 3 et freq échange de donnée : 3
Created folder: /home/adrissi/innovR/gegelati-apps/mnist/logs/FL/3_Agents/nb_aggr_3|seed_0|2024-04-25_23:48.49
Start MNIST application.
Nbr of training images = 60000
Nbr of training labels = 60000
Nbr of test images = 10000
Nbr of test labels = 10000
Number of threads: 48
Lancement du : ./auto_run_train.sh avec seed initial : 0, nombre d'agents : 3 et freq échange de donnée : 4
Created folder: /home/adrissi/innovR/gegelati-apps/mnist/logs/FL/3_Agents/nb_aggr_4|seed_0|2024-04-26_00:08.40
Start MNIST application.
Nbr of training images = 60000
Nbr of training labels = 60000
Nbr of test images = 10000
Nbr of test labels = 10000
Number of threads: 48
Lancement du : ./auto_run_train.sh avec seed initial : 0, nombre d'agents : 3 et freq échange de donnée : 5
Created folder: /home/adrissi/innovR/gegelati-apps/mnist/logs/FL/3_Agents/nb_aggr_5|seed_0|2024-04-26_00:28.05
Start MNIST application.
Nbr of training images = 60000
Nbr of training labels = 60000
Nbr of test images = 10000
Nbr of test labels = 10000
Number of threads: 48
Lancement du : ./auto_run_train.sh avec seed initial : 1, nombre d'agents : 3 et freq échange de donnée : 1
Created folder: /home/adrissi/innovR/gegelati-apps/mnist/logs/FL/3_Agents/nb_aggr_1|seed_1|2024-04-26_00:48.13
Start MNIST application.
Nbr of training images = 60000
Nbr of training labels = 60000
Nbr of test images = 10000
Nbr of test labels = 10000
Number of threads: 48
Lancement du : ./auto_run_train.sh avec seed initial : 1, nombre d'agents : 3 et freq échange de donnée : 2
Created folder: /home/adrissi/innovR/gegelati-apps/mnist/logs/FL/3_Agents/nb_aggr_2|seed_1|2024-04-26_01:05.51
Start MNIST application.
Nbr of training images = 60000
Nbr of training labels = 60000
Nbr of test images = 10000
Nbr of test labels = 10000
Number of threads: 48
Lancement du : ./auto_run_train.sh avec seed initial : 1, nombre d'agents : 3 et freq échange de donnée : 3
Created folder: /home/adrissi/innovR/gegelati-apps/mnist/logs/FL/3_Agents/nb_aggr_3|seed_1|2024-04-26_01:24.37
Start MNIST application.
Nbr of training images = 60000
Nbr of training labels = 60000
Nbr of test images = 10000
Nbr of test labels = 10000
Number of threads: 48
Lancement du : ./auto_run_train.sh avec seed initial : 1, nombre d'agents : 3 et freq échange de donnée : 4
Created folder: /home/adrissi/innovR/gegelati-apps/mnist/logs/FL/3_Agents/nb_aggr_4|seed_1|2024-04-26_01:42.56
Start MNIST application.
Nbr of training images = 60000
Nbr of training labels = 60000
Nbr of test images = 10000
Nbr of test labels = 10000
Number of threads: 48
Lancement du : ./auto_run_train.sh avec seed initial : 1, nombre d'agents : 3 et freq échange de donnée : 5
Created folder: /home/adrissi/innovR/gegelati-apps/mnist/logs/FL/3_Agents/nb_aggr_5|seed_1|2024-04-26_01:59.26
Start MNIST application.
Nbr of training images = 60000
Nbr of training labels = 60000
Nbr of test images = 10000
Nbr of test labels = 10000
Number of threads: 48
Lancement du : ./auto_run_train.sh avec seed initial : 2, nombre d'agents : 3 et freq échange de donnée : 1
Created folder: /home/adrissi/innovR/gegelati-apps/mnist/logs/FL/3_Agents/nb_aggr_1|seed_2|2024-04-26_02:16.36
Start MNIST application.
Nbr of training images = 60000
Nbr of training labels = 60000
Nbr of test images = 10000
Nbr of test labels = 10000
Number of threads: 48
Lancement du : ./auto_run_train.sh avec seed initial : 2, nombre d'agents : 3 et freq échange de donnée : 2
Created folder: /home/adrissi/innovR/gegelati-apps/mnist/logs/FL/3_Agents/nb_aggr_2|seed_2|2024-04-26_02:35.37
Start MNIST application.
Nbr of training images = 60000
Nbr of training labels = 60000
Nbr of test images = 10000
Nbr of test labels = 10000
Number of threads: 48
Lancement du : ./auto_run_train.sh avec seed initial : 2, nombre d'agents : 3 et freq échange de donnée : 3
Created folder: /home/adrissi/innovR/gegelati-apps/mnist/logs/FL/3_Agents/nb_aggr_3|seed_2|2024-04-26_02:54.04
Start MNIST application.
Nbr of training images = 60000
Nbr of training labels = 60000
Nbr of test images = 10000
Nbr of test labels = 10000
Number of threads: 48
Lancement du : ./auto_run_train.sh avec seed initial : 2, nombre d'agents : 3 et freq échange de donnée : 4
Created folder: /home/adrissi/innovR/gegelati-apps/mnist/logs/FL/3_Agents/nb_aggr_4|seed_2|2024-04-26_03:15.13
Start MNIST application.
Nbr of training images = 60000
Nbr of training labels = 60000
Nbr of test images = 10000
Nbr of test labels = 10000
Number of threads: 48
Lancement du : ./auto_run_train.sh avec seed initial : 2, nombre d'agents : 3 et freq échange de donnée : 5
Created folder: /home/adrissi/innovR/gegelati-apps/mnist/logs/FL/3_Agents/nb_aggr_5|seed_2|2024-04-26_03:32.56
Start MNIST application.
Nbr of training images = 60000
Nbr of training labels = 60000
Nbr of test images = 10000
Nbr of test labels = 10000
Number of threads: 48
Lancement du : ./auto_run_train.sh avec seed initial : 3, nombre d'agents : 3 et freq échange de donnée : 1
Created folder: /home/adrissi/innovR/gegelati-apps/mnist/logs/FL/3_Agents/nb_aggr_1|seed_3|2024-04-26_03:50.40
Start MNIST application.
Nbr of training images = 60000
Nbr of training labels = 60000
Nbr of test images = 10000
Nbr of test labels = 10000
Number of threads: 48
Lancement du : ./auto_run_train.sh avec seed initial : 3, nombre d'agents : 3 et freq échange de donnée : 2
Created folder: /home/adrissi/innovR/gegelati-apps/mnist/logs/FL/3_Agents/nb_aggr_2|seed_3|2024-04-26_04:11.21
Start MNIST application.
Nbr of training images = 60000
Nbr of training labels = 60000
Nbr of test images = 10000
Nbr of test labels = 10000
Number of threads: 48
Lancement du : ./auto_run_train.sh avec seed initial : 3, nombre d'agents : 3 et freq échange de donnée : 3
Created folder: /home/adrissi/innovR/gegelati-apps/mnist/logs/FL/3_Agents/nb_aggr_3|seed_3|2024-04-26_04:31.06
Start MNIST application.
Nbr of training images = 60000
Nbr of training labels = 60000
Nbr of test images = 10000
Nbr of test labels = 10000
Number of threads: 48
Lancement du : ./auto_run_train.sh avec seed initial : 3, nombre d'agents : 3 et freq échange de donnée : 4
Created folder: /home/adrissi/innovR/gegelati-apps/mnist/logs/FL/3_Agents/nb_aggr_4|seed_3|2024-04-26_04:49.54
Start MNIST application.
Nbr of training images = 60000
Nbr of training labels = 60000
Nbr of test images = 10000
Nbr of test labels = 10000
Number of threads: 48
Lancement du : ./auto_run_train.sh avec seed initial : 3, nombre d'agents : 3 et freq échange de donnée : 5
Created folder: /home/adrissi/innovR/gegelati-apps/mnist/logs/FL/3_Agents/nb_aggr_5|seed_3|2024-04-26_05:07.42
Start MNIST application.
Nbr of training images = 60000
Nbr of training labels = 60000
Nbr of test images = 10000
Nbr of test labels = 10000
Number of threads: 48
Lancement du : ./auto_run_train.sh avec seed initial : 4, nombre d'agents : 3 et freq échange de donnée : 1
Created folder: /home/adrissi/innovR/gegelati-apps/mnist/logs/FL/3_Agents/nb_aggr_1|seed_4|2024-04-26_05:25.05
Start MNIST application.
Nbr of training images = 60000
Nbr of training labels = 60000
Nbr of test images = 10000
Nbr of test labels = 10000
Number of threads: 48
Lancement du : ./auto_run_train.sh avec seed initial : 4, nombre d'agents : 3 et freq échange de donnée : 2
Created folder: /home/adrissi/innovR/gegelati-apps/mnist/logs/FL/3_Agents/nb_aggr_2|seed_4|2024-04-26_05:42.26
Start MNIST application.
Nbr of training images = 60000
Nbr of training labels = 60000
Nbr of test images = 10000
Nbr of test labels = 10000
Number of threads: 48
Lancement du : ./auto_run_train.sh avec seed initial : 4, nombre d'agents : 3 et freq échange de donnée : 3
Created folder: /home/adrissi/innovR/gegelati-apps/mnist/logs/FL/3_Agents/nb_aggr_3|seed_4|2024-04-26_06:02.04
Start MNIST application.
Nbr of training images = 60000
Nbr of training labels = 60000
Nbr of test images = 10000
Nbr of test labels = 10000
Number of threads: 48
Lancement du : ./auto_run_train.sh avec seed initial : 4, nombre d'agents : 3 et freq échange de donnée : 4
Created folder: /home/adrissi/innovR/gegelati-apps/mnist/logs/FL/3_Agents/nb_aggr_4|seed_4|2024-04-26_06:19.48
Start MNIST application.
Nbr of training images = 60000
Nbr of training labels = 60000
Nbr of test images = 10000
Nbr of test labels = 10000
Number of threads: 48
Lancement du : ./auto_run_train.sh avec seed initial : 4, nombre d'agents : 3 et freq échange de donnée : 5
Created folder: /home/adrissi/innovR/gegelati-apps/mnist/logs/FL/3_Agents/nb_aggr_5|seed_4|2024-04-26_06:39.53
Start MNIST application.
Nbr of training images = 60000
Nbr of training labels = 60000
Nbr of test images = 10000
Nbr of test labels = 10000
Number of threads: 48
Lancement du : ./auto_run_train.sh avec seed initial : 5, nombre d'agents : 3 et freq échange de donnée : 1
Created folder: /home/adrissi/innovR/gegelati-apps/mnist/logs/FL/3_Agents/nb_aggr_1|seed_5|2024-04-26_06:57.55
Start MNIST application.
Nbr of training images = 60000
Nbr of training labels = 60000
Nbr of test images = 10000
Nbr of test labels = 10000
Number of threads: 48
Lancement du : ./auto_run_train.sh avec seed initial : 5, nombre d'agents : 3 et freq échange de donnée : 2
Created folder: /home/adrissi/innovR/gegelati-apps/mnist/logs/FL/3_Agents/nb_aggr_2|seed_5|2024-04-26_07:16.02
Start MNIST application.
Nbr of training images = 60000
Nbr of training labels = 60000
Nbr of test images = 10000
Nbr of test labels = 10000
Number of threads: 48
Lancement du : ./auto_run_train.sh avec seed initial : 5, nombre d'agents : 3 et freq échange de donnée : 3
Created folder: /home/adrissi/innovR/gegelati-apps/mnist/logs/FL/3_Agents/nb_aggr_3|seed_5|2024-04-26_07:35.40
Start MNIST application.
Nbr of training images = 60000
Nbr of training labels = 60000
Nbr of test images = 10000
Nbr of test labels = 10000
Number of threads: 48
Lancement du : ./auto_run_train.sh avec seed initial : 5, nombre d'agents : 3 et freq échange de donnée : 4
Created folder: /home/adrissi/innovR/gegelati-apps/mnist/logs/FL/3_Agents/nb_aggr_4|seed_5|2024-04-26_07:52.45
Start MNIST application.
Nbr of training images = 60000
Nbr of training labels = 60000
Nbr of test images = 10000
Nbr of test labels = 10000
Number of threads: 48
Lancement du : ./auto_run_train.sh avec seed initial : 5, nombre d'agents : 3 et freq échange de donnée : 5
Created folder: /home/adrissi/innovR/gegelati-apps/mnist/logs/FL/3_Agents/nb_aggr_5|seed_5|2024-04-26_08:11.10
Start MNIST application.
Nbr of training images = 60000
Nbr of training labels = 60000
Nbr of test images = 10000
Nbr of test labels = 10000
Number of threads: 48
Lancement du : ./auto_run_train.sh avec seed initial : 0, nombre d'agents : 4 et freq échange de donnée : 1
Created folder: /home/adrissi/innovR/gegelati-apps/mnist/logs/FL/4_Agents/nb_aggr_1|seed_0|2024-04-26_08:27.52
Start MNIST application.
Nbr of training images = 60000
Nbr of training labels = 60000
Nbr of test images = 10000
Nbr of test labels = 10000
Number of threads: 48
Lancement du : ./auto_run_train.sh avec seed initial : 0, nombre d'agents : 4 et freq échange de donnée : 2
Created folder: /home/adrissi/innovR/gegelati-apps/mnist/logs/FL/4_Agents/nb_aggr_2|seed_0|2024-04-26_08:49.28
Start MNIST application.
Nbr of training images = 60000
Nbr of training labels = 60000
Nbr of test images = 10000
Nbr of test labels = 10000
Number of threads: 48
Lancement du : ./auto_run_train.sh avec seed initial : 0, nombre d'agents : 4 et freq échange de donnée : 3
Created folder: /home/adrissi/innovR/gegelati-apps/mnist/logs/FL/4_Agents/nb_aggr_3|seed_0|2024-04-26_09:19.10
Start MNIST application.
Nbr of training images = 60000
Nbr of training labels = 60000
Nbr of test images = 10000
Nbr of test labels = 10000
Number of threads: 48
Lancement du : ./auto_run_train.sh avec seed initial : 0, nombre d'agents : 4 et freq échange de donnée : 4
Created folder: /home/adrissi/innovR/gegelati-apps/mnist/logs/FL/4_Agents/nb_aggr_4|seed_0|2024-04-26_09:45.04
Start MNIST application.
Nbr of training images = 60000
Nbr of training labels = 60000
Nbr of test images = 10000
Nbr of test labels = 10000
Number of threads: 48
Lancement du : ./auto_run_train.sh avec seed initial : 0, nombre d'agents : 4 et freq échange de donnée : 5
Created folder: /home/adrissi/innovR/gegelati-apps/mnist/logs/FL/4_Agents/nb_aggr_5|seed_0|2024-04-26_10:08.20
Start MNIST application.
Nbr of training images = 60000
Nbr of training labels = 60000
Nbr of test images = 10000
Nbr of test labels = 10000
Number of threads: 48
Lancement du : ./auto_run_train.sh avec seed initial : 1, nombre d'agents : 4 et freq échange de donnée : 1
Created folder: /home/adrissi/innovR/gegelati-apps/mnist/logs/FL/4_Agents/nb_aggr_1|seed_1|2024-04-26_10:36.59
Start MNIST application.
Nbr of training images = 60000
Nbr of training labels = 60000
Nbr of test images = 10000
Nbr of test labels = 10000
Number of threads: 48
Lancement du : ./auto_run_train.sh avec seed initial : 1, nombre d'agents : 4 et freq échange de donnée : 2
Created folder: /home/adrissi/innovR/gegelati-apps/mnist/logs/FL/4_Agents/nb_aggr_2|seed_1|2024-04-26_11:03.40
Start MNIST application.
Nbr of training images = 60000
Nbr of training labels = 60000
Nbr of test images = 10000
Nbr of test labels = 10000
Number of threads: 48
Lancement du : ./auto_run_train.sh avec seed initial : 1, nombre d'agents : 4 et freq échange de donnée : 3
Created folder: /home/adrissi/innovR/gegelati-apps/mnist/logs/FL/4_Agents/nb_aggr_3|seed_1|2024-04-26_11:30.14
Start MNIST application.
Nbr of training images = 60000
Nbr of training labels = 60000
Nbr of test images = 10000
Nbr of test labels = 10000
Number of threads: 48
Lancement du : ./auto_run_train.sh avec seed initial : 1, nombre d'agents : 4 et freq échange de donnée : 4
Created folder: /home/adrissi/innovR/gegelati-apps/mnist/logs/FL/4_Agents/nb_aggr_4|seed_1|2024-04-26_11:57.44
Start MNIST application.
Nbr of training images = 60000
Nbr of training labels = 60000
Nbr of test images = 10000
Nbr of test labels = 10000
Number of threads: 48
Lancement du : ./auto_run_train.sh avec seed initial : 1, nombre d'agents : 4 et freq échange de donnée : 5
Created folder: /home/adrissi/innovR/gegelati-apps/mnist/logs/FL/4_Agents/nb_aggr_5|seed_1|2024-04-26_12:24.12
Start MNIST application.
Nbr of training images = 60000
Nbr of training labels = 60000
Nbr of test images = 10000
Nbr of test labels = 10000
Number of threads: 48
Lancement du : ./auto_run_train.sh avec seed initial : 2, nombre d'agents : 4 et freq échange de donnée : 1
Created folder: /home/adrissi/innovR/gegelati-apps/mnist/logs/FL/4_Agents/nb_aggr_1|seed_2|2024-04-26_12:50.10
Start MNIST application.
Nbr of training images = 60000
Nbr of training labels = 60000
Nbr of test images = 10000
Nbr of test labels = 10000
Number of threads: 48
Lancement du : ./auto_run_train.sh avec seed initial : 2, nombre d'agents : 4 et freq échange de donnée : 2
Created folder: /home/adrissi/innovR/gegelati-apps/mnist/logs/FL/4_Agents/nb_aggr_2|seed_2|2024-04-26_13:16.59
Start MNIST application.
Nbr of training images = 60000
Nbr of training labels = 60000
Nbr of test images = 10000
Nbr of test labels = 10000
Number of threads: 48
Lancement du : ./auto_run_train.sh avec seed initial : 2, nombre d'agents : 4 et freq échange de donnée : 3
Created folder: /home/adrissi/innovR/gegelati-apps/mnist/logs/FL/4_Agents/nb_aggr_3|seed_2|2024-04-26_13:42.52
Start MNIST application.
Nbr of training images = 60000
Nbr of training labels = 60000
Nbr of test images = 10000
Nbr of test labels = 10000
Number of threads: 48
Lancement du : ./auto_run_train.sh avec seed initial : 2, nombre d'agents : 4 et freq échange de donnée : 4
Created folder: /home/adrissi/innovR/gegelati-apps/mnist/logs/FL/4_Agents/nb_aggr_4|seed_2|2024-04-26_14:07.18
Start MNIST application.
Nbr of training images = 60000
Nbr of training labels = 60000
Nbr of test images = 10000
Nbr of test labels = 10000
Number of threads: 48
Lancement du : ./auto_run_train.sh avec seed initial : 2, nombre d'agents : 4 et freq échange de donnée : 5
Created folder: /home/adrissi/innovR/gegelati-apps/mnist/logs/FL/4_Agents/nb_aggr_5|seed_2|2024-04-26_14:33.02
Start MNIST application.
Nbr of training images = 60000
Nbr of training labels = 60000
Nbr of test images = 10000
Nbr of test labels = 10000
Number of threads: 48
Lancement du : ./auto_run_train.sh avec seed initial : 3, nombre d'agents : 4 et freq échange de donnée : 1
Created folder: /home/adrissi/innovR/gegelati-apps/mnist/logs/FL/4_Agents/nb_aggr_1|seed_3|2024-04-26_14:57.07
Start MNIST application.
Nbr of training images = 60000
Nbr of training labels = 60000
Nbr of test images = 10000
Nbr of test labels = 10000
Number of threads: 48
Lancement du : ./auto_run_train.sh avec seed initial : 3, nombre d'agents : 4 et freq échange de donnée : 2
Created folder: /home/adrissi/innovR/gegelati-apps/mnist/logs/FL/4_Agents/nb_aggr_2|seed_3|2024-04-26_15:24.00
Start MNIST application.
Nbr of training images = 60000
Nbr of training labels = 60000
Nbr of test images = 10000
Nbr of test labels = 10000
Number of threads: 48
Lancement du : ./auto_run_train.sh avec seed initial : 3, nombre d'agents : 4 et freq échange de donnée : 3
Created folder: /home/adrissi/innovR/gegelati-apps/mnist/logs/FL/4_Agents/nb_aggr_3|seed_3|2024-04-26_15:52.00
Start MNIST application.
Nbr of training images = 60000
Nbr of training labels = 60000
Nbr of test images = 10000
Nbr of test labels = 10000
Number of threads: 48
Lancement du : ./auto_run_train.sh avec seed initial : 3, nombre d'agents : 4 et freq échange de donnée : 4
Created folder: /home/adrissi/innovR/gegelati-apps/mnist/logs/FL/4_Agents/nb_aggr_4|seed_3|2024-04-26_16:18.14
Start MNIST application.
Nbr of training images = 60000
Nbr of training labels = 60000
Nbr of test images = 10000
Nbr of test labels = 10000
Number of threads: 48
Lancement du : ./auto_run_train.sh avec seed initial : 3, nombre d'agents : 4 et freq échange de donnée : 5
Created folder: /home/adrissi/innovR/gegelati-apps/mnist/logs/FL/4_Agents/nb_aggr_5|seed_3|2024-04-26_16:45.55
Start MNIST application.
Nbr of training images = 60000
Nbr of training labels = 60000
Nbr of test images = 10000
Nbr of test labels = 10000
Number of threads: 48
Lancement du : ./auto_run_train.sh avec seed initial : 4, nombre d'agents : 4 et freq échange de donnée : 1
Created folder: /home/adrissi/innovR/gegelati-apps/mnist/logs/FL/4_Agents/nb_aggr_1|seed_4|2024-04-26_17:11.43
Start MNIST application.
Nbr of training images = 60000
Nbr of training labels = 60000
Nbr of test images = 10000
Nbr of test labels = 10000
Number of threads: 48
Lancement du : ./auto_run_train.sh avec seed initial : 4, nombre d'agents : 4 et freq échange de donnée : 2
Created folder: /home/adrissi/innovR/gegelati-apps/mnist/logs/FL/4_Agents/nb_aggr_2|seed_4|2024-04-26_17:37.54
Start MNIST application.
Nbr of training images = 60000
Nbr of training labels = 60000
Nbr of test images = 10000
Nbr of test labels = 10000
Number of threads: 48
Lancement du : ./auto_run_train.sh avec seed initial : 4, nombre d'agents : 4 et freq échange de donnée : 3
Created folder: /home/adrissi/innovR/gegelati-apps/mnist/logs/FL/4_Agents/nb_aggr_3|seed_4|2024-04-26_18:03.56
Start MNIST application.
Nbr of training images = 60000
Nbr of training labels = 60000
Nbr of test images = 10000
Nbr of test labels = 10000
Number of threads: 48
Lancement du : ./auto_run_train.sh avec seed initial : 4, nombre d'agents : 4 et freq échange de donnée : 4
Created folder: /home/adrissi/innovR/gegelati-apps/mnist/logs/FL/4_Agents/nb_aggr_4|seed_4|2024-04-26_18:28.02
Start MNIST application.
Nbr of training images = 60000
Nbr of training labels = 60000
Nbr of test images = 10000
Nbr of test labels = 10000
Number of threads: 48
Lancement du : ./auto_run_train.sh avec seed initial : 4, nombre d'agents : 4 et freq échange de donnée : 5
Created folder: /home/adrissi/innovR/gegelati-apps/mnist/logs/FL/4_Agents/nb_aggr_5|seed_4|2024-04-26_18:54.00
Start MNIST application.
Nbr of training images = 60000
Nbr of training labels = 60000
Nbr of test images = 10000
Nbr of test labels = 10000
Number of threads: 48
Lancement du : ./auto_run_train.sh avec seed initial : 5, nombre d'agents : 4 et freq échange de donnée : 1
Created folder: /home/adrissi/innovR/gegelati-apps/mnist/logs/FL/4_Agents/nb_aggr_1|seed_5|2024-04-26_19:19.58
Start MNIST application.
Nbr of training images = 60000
Nbr of training labels = 60000
Nbr of test images = 10000
Nbr of test labels = 10000
Number of threads: 48
Lancement du : ./auto_run_train.sh avec seed initial : 5, nombre d'agents : 4 et freq échange de donnée : 2
Created folder: /home/adrissi/innovR/gegelati-apps/mnist/logs/FL/4_Agents/nb_aggr_2|seed_5|2024-04-26_19:47.17
Start MNIST application.
Nbr of training images = 60000
Nbr of training labels = 60000
Nbr of test images = 10000
Nbr of test labels = 10000
Number of threads: 48
Lancement du : ./auto_run_train.sh avec seed initial : 5, nombre d'agents : 4 et freq échange de donnée : 3
Created folder: /home/adrissi/innovR/gegelati-apps/mnist/logs/FL/4_Agents/nb_aggr_3|seed_5|2024-04-26_20:12.27
Start MNIST application.
Nbr of training images = 60000
Nbr of training labels = 60000
Nbr of test images = 10000
Nbr of test labels = 10000
Number of threads: 48
Lancement du : ./auto_run_train.sh avec seed initial : 5, nombre d'agents : 4 et freq échange de donnée : 4
Created folder: /home/adrissi/innovR/gegelati-apps/mnist/logs/FL/4_Agents/nb_aggr_4|seed_5|2024-04-26_20:40.31
Start MNIST application.
Nbr of training images = 60000
Nbr of training labels = 60000
Nbr of test images = 10000
Nbr of test labels = 10000
Number of threads: 48
Lancement du : ./auto_run_train.sh avec seed initial : 5, nombre d'agents : 4 et freq échange de donnée : 5
Created folder: /home/adrissi/innovR/gegelati-apps/mnist/logs/FL/4_Agents/nb_aggr_5|seed_5|2024-04-26_21:04.35
Start MNIST application.
Nbr of training images = 60000
Nbr of training labels = 60000
Nbr of test images = 10000
Nbr of test labels = 10000
Number of threads: 48
Lancement du : ./auto_run_train.sh avec seed initial : 0, nombre d'agents : 5 et freq échange de donnée : 1
Created folder: /home/adrissi/innovR/gegelati-apps/mnist/logs/FL/5_Agents/nb_aggr_1|seed_0|2024-04-26_21:28.47
Start MNIST application.
Nbr of training images = 60000
Nbr of training labels = 60000
Nbr of test images = 10000
Nbr of test labels = 10000
Number of threads: 48
Lancement du : ./auto_run_train.sh avec seed initial : 0, nombre d'agents : 5 et freq échange de donnée : 2
Created folder: /home/adrissi/innovR/gegelati-apps/mnist/logs/FL/5_Agents/nb_aggr_2|seed_0|2024-04-26_22:00.38
Start MNIST application.
Nbr of training images = 60000
Nbr of training labels = 60000
Nbr of test images = 10000
Nbr of test labels = 10000
Number of threads: 48
Lancement du : ./auto_run_train.sh avec seed initial : 0, nombre d'agents : 5 et freq échange de donnée : 3
Created folder: /home/adrissi/innovR/gegelati-apps/mnist/logs/FL/5_Agents/nb_aggr_3|seed_0|2024-04-26_22:31.34
Start MNIST application.
Nbr of training images = 60000
Nbr of training labels = 60000
Nbr of test images = 10000
Nbr of test labels = 10000
Number of threads: 48
Lancement du : ./auto_run_train.sh avec seed initial : 0, nombre d'agents : 5 et freq échange de donnée : 4
Created folder: /home/adrissi/innovR/gegelati-apps/mnist/logs/FL/5_Agents/nb_aggr_4|seed_0|2024-04-26_23:07.52
Start MNIST application.
Nbr of training images = 60000
Nbr of training labels = 60000
Nbr of test images = 10000
Nbr of test labels = 10000
Number of threads: 48
Lancement du : ./auto_run_train.sh avec seed initial : 0, nombre d'agents : 5 et freq échange de donnée : 5
Created folder: /home/adrissi/innovR/gegelati-apps/mnist/logs/FL/5_Agents/nb_aggr_5|seed_0|2024-04-26_23:42.40
Start MNIST application.
Nbr of training images = 60000
Nbr of training labels = 60000
Nbr of test images = 10000
Nbr of test labels = 10000
Number of threads: 48
Lancement du : ./auto_run_train.sh avec seed initial : 1, nombre d'agents : 5 et freq échange de donnée : 1
Created folder: /home/adrissi/innovR/gegelati-apps/mnist/logs/FL/5_Agents/nb_aggr_1|seed_1|2024-04-27_00:14.32
Start MNIST application.
Nbr of training images = 60000
Nbr of training labels = 60000
Nbr of test images = 10000
Nbr of test labels = 10000
Number of threads: 48
Lancement du : ./auto_run_train.sh avec seed initial : 1, nombre d'agents : 5 et freq échange de donnée : 2
Created folder: /home/adrissi/innovR/gegelati-apps/mnist/logs/FL/5_Agents/nb_aggr_2|seed_1|2024-04-27_00:46.55
Start MNIST application.
Nbr of training images = 60000
Nbr of training labels = 60000
Nbr of test images = 10000
Nbr of test labels = 10000
Number of threads: 48
Lancement du : ./auto_run_train.sh avec seed initial : 1, nombre d'agents : 5 et freq échange de donnée : 3
Created folder: /home/adrissi/innovR/gegelati-apps/mnist/logs/FL/5_Agents/nb_aggr_3|seed_1|2024-04-27_01:17.29
Start MNIST application.
Nbr of training images = 60000
Nbr of training labels = 60000
Nbr of test images = 10000
Nbr of test labels = 10000
Number of threads: 48
Lancement du : ./auto_run_train.sh avec seed initial : 1, nombre d'agents : 5 et freq échange de donnée : 4
Created folder: /home/adrissi/innovR/gegelati-apps/mnist/logs/FL/5_Agents/nb_aggr_4|seed_1|2024-04-27_01:39.28
Start MNIST application.
Nbr of training images = 60000
Nbr of training labels = 60000
Nbr of test images = 10000
Nbr of test labels = 10000
Number of threads: 48
Lancement du : ./auto_run_train.sh avec seed initial : 1, nombre d'agents : 5 et freq échange de donnée : 5
Created folder: /home/adrissi/innovR/gegelati-apps/mnist/logs/FL/5_Agents/nb_aggr_5|seed_1|2024-04-27_02:03.59
Start MNIST application.
Nbr of training images = 60000
Nbr of training labels = 60000
Nbr of test images = 10000
Nbr of test labels = 10000
Number of threads: 48
Lancement du : ./auto_run_train.sh avec seed initial : 2, nombre d'agents : 5 et freq échange de donnée : 1
Created folder: /home/adrissi/innovR/gegelati-apps/mnist/logs/FL/5_Agents/nb_aggr_1|seed_2|2024-04-27_02:25.53
Start MNIST application.
Nbr of training images = 60000
Nbr of training labels = 60000
Nbr of test images = 10000
Nbr of test labels = 10000
Number of threads: 48
Lancement du : ./auto_run_train.sh avec seed initial : 2, nombre d'agents : 5 et freq échange de donnée : 2
Created folder: /home/adrissi/innovR/gegelati-apps/mnist/logs/FL/5_Agents/nb_aggr_2|seed_2|2024-04-27_02:49.43
Start MNIST application.
Nbr of training images = 60000
Nbr of training labels = 60000
Nbr of test images = 10000
Nbr of test labels = 10000
Number of threads: 48
Lancement du : ./auto_run_train.sh avec seed initial : 2, nombre d'agents : 5 et freq échange de donnée : 3
Created folder: /home/adrissi/innovR/gegelati-apps/mnist/logs/FL/5_Agents/nb_aggr_3|seed_2|2024-04-27_03:12.16
Start MNIST application.
Nbr of training images = 60000
Nbr of training labels = 60000
Nbr of test images = 10000
Nbr of test labels = 10000
Number of threads: 48
Lancement du : ./auto_run_train.sh avec seed initial : 2, nombre d'agents : 5 et freq échange de donnée : 4
Created folder: /home/adrissi/innovR/gegelati-apps/mnist/logs/FL/5_Agents/nb_aggr_4|seed_2|2024-04-27_03:35.34
Start MNIST application.
Nbr of training images = 60000
Nbr of training labels = 60000
Nbr of test images = 10000
Nbr of test labels = 10000
Number of threads: 48
Lancement du : ./auto_run_train.sh avec seed initial : 2, nombre d'agents : 5 et freq échange de donnée : 5
Created folder: /home/adrissi/innovR/gegelati-apps/mnist/logs/FL/5_Agents/nb_aggr_5|seed_2|2024-04-27_03:59.57
Start MNIST application.
Nbr of training images = 60000
Nbr of training labels = 60000
Nbr of test images = 10000
Nbr of test labels = 10000
Number of threads: 48
Lancement du : ./auto_run_train.sh avec seed initial : 3, nombre d'agents : 5 et freq échange de donnée : 1
Created folder: /home/adrissi/innovR/gegelati-apps/mnist/logs/FL/5_Agents/nb_aggr_1|seed_3|2024-04-27_04:20.40
Start MNIST application.
Nbr of training images = 60000
Nbr of training labels = 60000
Nbr of test images = 10000
Nbr of test labels = 10000
Number of threads: 48
Lancement du : ./auto_run_train.sh avec seed initial : 3, nombre d'agents : 5 et freq échange de donnée : 2
Created folder: /home/adrissi/innovR/gegelati-apps/mnist/logs/FL/5_Agents/nb_aggr_2|seed_3|2024-04-27_04:43.47
Start MNIST application.
Nbr of training images = 60000
Nbr of training labels = 60000
Nbr of test images = 10000
Nbr of test labels = 10000
Number of threads: 48
Lancement du : ./auto_run_train.sh avec seed initial : 3, nombre d'agents : 5 et freq échange de donnée : 3
Created folder: /home/adrissi/innovR/gegelati-apps/mnist/logs/FL/5_Agents/nb_aggr_3|seed_3|2024-04-27_05:10.35
Start MNIST application.
Nbr of training images = 60000
Nbr of training labels = 60000
Nbr of test images = 10000
Nbr of test labels = 10000
Number of threads: 48
Lancement du : ./auto_run_train.sh avec seed initial : 3, nombre d'agents : 5 et freq échange de donnée : 4
Created folder: /home/adrissi/innovR/gegelati-apps/mnist/logs/FL/5_Agents/nb_aggr_4|seed_3|2024-04-27_05:32.57
Start MNIST application.
Nbr of training images = 60000
Nbr of training labels = 60000
Nbr of test images = 10000
Nbr of test labels = 10000
Number of threads: 48
Lancement du : ./auto_run_train.sh avec seed initial : 3, nombre d'agents : 5 et freq échange de donnée : 5
Created folder: /home/adrissi/innovR/gegelati-apps/mnist/logs/FL/5_Agents/nb_aggr_5|seed_3|2024-04-27_06:01.09
Start MNIST application.
Nbr of training images = 60000
Nbr of training labels = 60000
Nbr of test images = 10000
Nbr of test labels = 10000
Number of threads: 48
Lancement du : ./auto_run_train.sh avec seed initial : 4, nombre d'agents : 5 et freq échange de donnée : 1
Created folder: /home/adrissi/innovR/gegelati-apps/mnist/logs/FL/5_Agents/nb_aggr_1|seed_4|2024-04-27_06:24.06
Start MNIST application.
Nbr of training images = 60000
Nbr of training labels = 60000
Nbr of test images = 10000
Nbr of test labels = 10000
Number of threads: 48
Lancement du : ./auto_run_train.sh avec seed initial : 4, nombre d'agents : 5 et freq échange de donnée : 2
Created folder: /home/adrissi/innovR/gegelati-apps/mnist/logs/FL/5_Agents/nb_aggr_2|seed_4|2024-04-27_06:45.17
Start MNIST application.
Nbr of training images = 60000
Nbr of training labels = 60000
Nbr of test images = 10000
Nbr of test labels = 10000
Number of threads: 48
Lancement du : ./auto_run_train.sh avec seed initial : 4, nombre d'agents : 5 et freq échange de donnée : 3
Created folder: /home/adrissi/innovR/gegelati-apps/mnist/logs/FL/5_Agents/nb_aggr_3|seed_4|2024-04-27_07:11.10
Start MNIST application.
Nbr of training images = 60000
Nbr of training labels = 60000
Nbr of test images = 10000
Nbr of test labels = 10000
Number of threads: 48
Lancement du : ./auto_run_train.sh avec seed initial : 4, nombre d'agents : 5 et freq échange de donnée : 4
Created folder: /home/adrissi/innovR/gegelati-apps/mnist/logs/FL/5_Agents/nb_aggr_4|seed_4|2024-04-27_07:34.02
Start MNIST application.
Nbr of training images = 60000
Nbr of training labels = 60000
Nbr of test images = 10000
Nbr of test labels = 10000
Number of threads: 48
Lancement du : ./auto_run_train.sh avec seed initial : 4, nombre d'agents : 5 et freq échange de donnée : 5
Created folder: /home/adrissi/innovR/gegelati-apps/mnist/logs/FL/5_Agents/nb_aggr_5|seed_4|2024-04-27_07:57.50
Start MNIST application.
Nbr of training images = 60000
Nbr of training labels = 60000
Nbr of test images = 10000
Nbr of test labels = 10000
Number of threads: 48
Lancement du : ./auto_run_train.sh avec seed initial : 5, nombre d'agents : 5 et freq échange de donnée : 1
Created folder: /home/adrissi/innovR/gegelati-apps/mnist/logs/FL/5_Agents/nb_aggr_1|seed_5|2024-04-27_08:20.01
Start MNIST application.
Nbr of training images = 60000
Nbr of training labels = 60000
Nbr of test images = 10000
Nbr of test labels = 10000
Number of threads: 48
Lancement du : ./auto_run_train.sh avec seed initial : 5, nombre d'agents : 5 et freq échange de donnée : 2
Created folder: /home/adrissi/innovR/gegelati-apps/mnist/logs/FL/5_Agents/nb_aggr_2|seed_5|2024-04-27_08:42.41
Start MNIST application.
Nbr of training images = 60000
Nbr of training labels = 60000
Nbr of test images = 10000
Nbr of test labels = 10000
Number of threads: 48
Lancement du : ./auto_run_train.sh avec seed initial : 5, nombre d'agents : 5 et freq échange de donnée : 3
Created folder: /home/adrissi/innovR/gegelati-apps/mnist/logs/FL/5_Agents/nb_aggr_3|seed_5|2024-04-27_09:02.59
Start MNIST application.
Nbr of training images = 60000
Nbr of training labels = 60000
Nbr of test images = 10000
Nbr of test labels = 10000
Number of threads: 48
Lancement du : ./auto_run_train.sh avec seed initial : 5, nombre d'agents : 5 et freq échange de donnée : 4
Created folder: /home/adrissi/innovR/gegelati-apps/mnist/logs/FL/5_Agents/nb_aggr_4|seed_5|2024-04-27_09:23.08
Start MNIST application.
Nbr of training images = 60000
Nbr of training labels = 60000
Nbr of test images = 10000
Nbr of test labels = 10000
Number of threads: 48
Lancement du : ./auto_run_train.sh avec seed initial : 5, nombre d'agents : 5 et freq échange de donnée : 5
Created folder: /home/adrissi/innovR/gegelati-apps/mnist/logs/FL/5_Agents/nb_aggr_5|seed_5|2024-04-27_09:44.33
Start MNIST application.
Nbr of training images = 60000
Nbr of training labels = 60000
Nbr of test images = 10000
Nbr of test labels = 10000
Number of threads: 48
Toutes les exécutions sont terminées.
