Lancement du : ./auto_run_train.sh avec seed initial : 0, nombre d'agents : 2 et freq échange de donnée : 1
Created folder: /home/adrissi/innovR/gegelati-apps/pendulum/logs/FL/2_Agents/nb_aggr_1|seed_0|2024-04-25_16:08.07
Start Pendulum application.
Number of threads: 48
Lancement du : ./auto_run_train.sh avec seed initial : 0, nombre d'agents : 2 et freq échange de donnée : 2
Created folder: /home/adrissi/innovR/gegelati-apps/pendulum/logs/FL/2_Agents/nb_aggr_2|seed_0|2024-04-25_16:20.24
Start Pendulum application.
Number of threads: 48
Lancement du : ./auto_run_train.sh avec seed initial : 0, nombre d'agents : 2 et freq échange de donnée : 3
Created folder: /home/adrissi/innovR/gegelati-apps/pendulum/logs/FL/2_Agents/nb_aggr_3|seed_0|2024-04-25_16:27.15
Start Pendulum application.
Number of threads: 48
Lancement du : ./auto_run_train.sh avec seed initial : 0, nombre d'agents : 2 et freq échange de donnée : 4
Created folder: /home/adrissi/innovR/gegelati-apps/pendulum/logs/FL/2_Agents/nb_aggr_4|seed_0|2024-04-25_16:34.15
Start Pendulum application.
Number of threads: 48
Lancement du : ./auto_run_train.sh avec seed initial : 0, nombre d'agents : 2 et freq échange de donnée : 5
Created folder: /home/adrissi/innovR/gegelati-apps/pendulum/logs/FL/2_Agents/nb_aggr_5|seed_0|2024-04-25_16:41.10
Start Pendulum application.
Number of threads: 48
Lancement du : ./auto_run_train.sh avec seed initial : 1, nombre d'agents : 2 et freq échange de donnée : 1
Created folder: /home/adrissi/innovR/gegelati-apps/pendulum/logs/FL/2_Agents/nb_aggr_1|seed_1|2024-04-25_16:52.12
Start Pendulum application.
Number of threads: 48
Lancement du : ./auto_run_train.sh avec seed initial : 1, nombre d'agents : 2 et freq échange de donnée : 2
Created folder: /home/adrissi/innovR/gegelati-apps/pendulum/logs/FL/2_Agents/nb_aggr_2|seed_1|2024-04-25_17:02.21
Start Pendulum application.
Number of threads: 48
Lancement du : ./auto_run_train.sh avec seed initial : 1, nombre d'agents : 2 et freq échange de donnée : 3
Created folder: /home/adrissi/innovR/gegelati-apps/pendulum/logs/FL/2_Agents/nb_aggr_3|seed_1|2024-04-25_17:13.13
Start Pendulum application.
Number of threads: 48
Lancement du : ./auto_run_train.sh avec seed initial : 1, nombre d'agents : 2 et freq échange de donnée : 4
Created folder: /home/adrissi/innovR/gegelati-apps/pendulum/logs/FL/2_Agents/nb_aggr_4|seed_1|2024-04-25_17:22.25
Start Pendulum application.
Number of threads: 48
Lancement du : ./auto_run_train.sh avec seed initial : 1, nombre d'agents : 2 et freq échange de donnée : 5
Created folder: /home/adrissi/innovR/gegelati-apps/pendulum/logs/FL/2_Agents/nb_aggr_5|seed_1|2024-04-25_17:32.15
Start Pendulum application.
Number of threads: 48
Lancement du : ./auto_run_train.sh avec seed initial : 2, nombre d'agents : 2 et freq échange de donnée : 1
Created folder: /home/adrissi/innovR/gegelati-apps/pendulum/logs/FL/2_Agents/nb_aggr_1|seed_2|2024-04-25_17:41.40
Start Pendulum application.
Number of threads: 48
Lancement du : ./auto_run_train.sh avec seed initial : 2, nombre d'agents : 2 et freq échange de donnée : 2
Created folder: /home/adrissi/innovR/gegelati-apps/pendulum/logs/FL/2_Agents/nb_aggr_2|seed_2|2024-04-25_17:51.25
Start Pendulum application.
Number of threads: 48
Lancement du : ./auto_run_train.sh avec seed initial : 2, nombre d'agents : 2 et freq échange de donnée : 3
Created folder: /home/adrissi/innovR/gegelati-apps/pendulum/logs/FL/2_Agents/nb_aggr_3|seed_2|2024-04-25_18:00.00
Start Pendulum application.
Number of threads: 48
Lancement du : ./auto_run_train.sh avec seed initial : 2, nombre d'agents : 2 et freq échange de donnée : 4
Created folder: /home/adrissi/innovR/gegelati-apps/pendulum/logs/FL/2_Agents/nb_aggr_4|seed_2|2024-04-25_18:09.31
Start Pendulum application.
Number of threads: 48
Lancement du : ./auto_run_train.sh avec seed initial : 2, nombre d'agents : 2 et freq échange de donnée : 5
Created folder: /home/adrissi/innovR/gegelati-apps/pendulum/logs/FL/2_Agents/nb_aggr_5|seed_2|2024-04-25_18:19.15
Start Pendulum application.
Number of threads: 48
Lancement du : ./auto_run_train.sh avec seed initial : 3, nombre d'agents : 2 et freq échange de donnée : 1
Created folder: /home/adrissi/innovR/gegelati-apps/pendulum/logs/FL/2_Agents/nb_aggr_1|seed_3|2024-04-25_18:29.17
Start Pendulum application.
Number of threads: 48
Lancement du : ./auto_run_train.sh avec seed initial : 3, nombre d'agents : 2 et freq échange de donnée : 2
Created folder: /home/adrissi/innovR/gegelati-apps/pendulum/logs/FL/2_Agents/nb_aggr_2|seed_3|2024-04-25_18:39.47
Start Pendulum application.
Number of threads: 48
Lancement du : ./auto_run_train.sh avec seed initial : 3, nombre d'agents : 2 et freq échange de donnée : 3
Created folder: /home/adrissi/innovR/gegelati-apps/pendulum/logs/FL/2_Agents/nb_aggr_3|seed_3|2024-04-25_18:50.53
Start Pendulum application.
Number of threads: 48
Lancement du : ./auto_run_train.sh avec seed initial : 3, nombre d'agents : 2 et freq échange de donnée : 4
Created folder: /home/adrissi/innovR/gegelati-apps/pendulum/logs/FL/2_Agents/nb_aggr_4|seed_3|2024-04-25_19:01.35
Start Pendulum application.
Number of threads: 48
Lancement du : ./auto_run_train.sh avec seed initial : 3, nombre d'agents : 2 et freq échange de donnée : 5
Created folder: /home/adrissi/innovR/gegelati-apps/pendulum/logs/FL/2_Agents/nb_aggr_5|seed_3|2024-04-25_19:10.00
Start Pendulum application.
Number of threads: 48
Lancement du : ./auto_run_train.sh avec seed initial : 4, nombre d'agents : 2 et freq échange de donnée : 1
Created folder: /home/adrissi/innovR/gegelati-apps/pendulum/logs/FL/2_Agents/nb_aggr_1|seed_4|2024-04-25_19:19.30
Start Pendulum application.
Number of threads: 48
Lancement du : ./auto_run_train.sh avec seed initial : 4, nombre d'agents : 2 et freq échange de donnée : 2
Created folder: /home/adrissi/innovR/gegelati-apps/pendulum/logs/FL/2_Agents/nb_aggr_2|seed_4|2024-04-25_19:29.54
Start Pendulum application.
Number of threads: 48
Lancement du : ./auto_run_train.sh avec seed initial : 4, nombre d'agents : 2 et freq échange de donnée : 3
Created folder: /home/adrissi/innovR/gegelati-apps/pendulum/logs/FL/2_Agents/nb_aggr_3|seed_4|2024-04-25_19:38.03
Start Pendulum application.
Number of threads: 48
Lancement du : ./auto_run_train.sh avec seed initial : 4, nombre d'agents : 2 et freq échange de donnée : 4
Created folder: /home/adrissi/innovR/gegelati-apps/pendulum/logs/FL/2_Agents/nb_aggr_4|seed_4|2024-04-25_19:49.16
Start Pendulum application.
Number of threads: 48
Lancement du : ./auto_run_train.sh avec seed initial : 4, nombre d'agents : 2 et freq échange de donnée : 5
Created folder: /home/adrissi/innovR/gegelati-apps/pendulum/logs/FL/2_Agents/nb_aggr_5|seed_4|2024-04-25_19:59.00
Start Pendulum application.
Number of threads: 48
Lancement du : ./auto_run_train.sh avec seed initial : 5, nombre d'agents : 2 et freq échange de donnée : 1
Created folder: /home/adrissi/innovR/gegelati-apps/pendulum/logs/FL/2_Agents/nb_aggr_1|seed_5|2024-04-25_20:08.41
Start Pendulum application.
Number of threads: 48
Lancement du : ./auto_run_train.sh avec seed initial : 5, nombre d'agents : 2 et freq échange de donnée : 2
Created folder: /home/adrissi/innovR/gegelati-apps/pendulum/logs/FL/2_Agents/nb_aggr_2|seed_5|2024-04-25_20:17.56
Start Pendulum application.
Number of threads: 48
Lancement du : ./auto_run_train.sh avec seed initial : 5, nombre d'agents : 2 et freq échange de donnée : 3
Created folder: /home/adrissi/innovR/gegelati-apps/pendulum/logs/FL/2_Agents/nb_aggr_3|seed_5|2024-04-25_20:28.06
Start Pendulum application.
Number of threads: 48
Lancement du : ./auto_run_train.sh avec seed initial : 5, nombre d'agents : 2 et freq échange de donnée : 4
Created folder: /home/adrissi/innovR/gegelati-apps/pendulum/logs/FL/2_Agents/nb_aggr_4|seed_5|2024-04-25_20:38.22
Start Pendulum application.
Number of threads: 48
Lancement du : ./auto_run_train.sh avec seed initial : 5, nombre d'agents : 2 et freq échange de donnée : 5
Created folder: /home/adrissi/innovR/gegelati-apps/pendulum/logs/FL/2_Agents/nb_aggr_5|seed_5|2024-04-25_20:48.04
Start Pendulum application.
Number of threads: 48
Lancement du : ./auto_run_train.sh avec seed initial : 0, nombre d'agents : 3 et freq échange de donnée : 1
Created folder: /home/adrissi/innovR/gegelati-apps/pendulum/logs/FL/3_Agents/nb_aggr_1|seed_0|2024-04-25_20:58.32
Start Pendulum application.
Number of threads: 48
Lancement du : ./auto_run_train.sh avec seed initial : 0, nombre d'agents : 3 et freq échange de donnée : 2
Created folder: /home/adrissi/innovR/gegelati-apps/pendulum/logs/FL/3_Agents/nb_aggr_2|seed_0|2024-04-25_21:14.51
Start Pendulum application.
Number of threads: 48
Lancement du : ./auto_run_train.sh avec seed initial : 0, nombre d'agents : 3 et freq échange de donnée : 3
Created folder: /home/adrissi/innovR/gegelati-apps/pendulum/logs/FL/3_Agents/nb_aggr_3|seed_0|2024-04-25_21:29.54
Start Pendulum application.
Number of threads: 48
Lancement du : ./auto_run_train.sh avec seed initial : 0, nombre d'agents : 3 et freq échange de donnée : 4
Created folder: /home/adrissi/innovR/gegelati-apps/pendulum/logs/FL/3_Agents/nb_aggr_4|seed_0|2024-04-25_21:43.58
Start Pendulum application.
Number of threads: 48
Lancement du : ./auto_run_train.sh avec seed initial : 0, nombre d'agents : 3 et freq échange de donnée : 5
Created folder: /home/adrissi/innovR/gegelati-apps/pendulum/logs/FL/3_Agents/nb_aggr_5|seed_0|2024-04-25_21:56.21
Start Pendulum application.
Number of threads: 48
Lancement du : ./auto_run_train.sh avec seed initial : 1, nombre d'agents : 3 et freq échange de donnée : 1
Created folder: /home/adrissi/innovR/gegelati-apps/pendulum/logs/FL/3_Agents/nb_aggr_1|seed_1|2024-04-25_22:09.06
Start Pendulum application.
Number of threads: 48
Lancement du : ./auto_run_train.sh avec seed initial : 1, nombre d'agents : 3 et freq échange de donnée : 2
Created folder: /home/adrissi/innovR/gegelati-apps/pendulum/logs/FL/3_Agents/nb_aggr_2|seed_1|2024-04-25_22:25.08
Start Pendulum application.
Number of threads: 48
Lancement du : ./auto_run_train.sh avec seed initial : 1, nombre d'agents : 3 et freq échange de donnée : 3
Created folder: /home/adrissi/innovR/gegelati-apps/pendulum/logs/FL/3_Agents/nb_aggr_3|seed_1|2024-04-25_22:40.37
Start Pendulum application.
Number of threads: 48
Lancement du : ./auto_run_train.sh avec seed initial : 1, nombre d'agents : 3 et freq échange de donnée : 4
Created folder: /home/adrissi/innovR/gegelati-apps/pendulum/logs/FL/3_Agents/nb_aggr_4|seed_1|2024-04-25_22:54.38
Start Pendulum application.
Number of threads: 48
Lancement du : ./auto_run_train.sh avec seed initial : 1, nombre d'agents : 3 et freq échange de donnée : 5
Created folder: /home/adrissi/innovR/gegelati-apps/pendulum/logs/FL/3_Agents/nb_aggr_5|seed_1|2024-04-25_23:07.11
Start Pendulum application.
Number of threads: 48
Lancement du : ./auto_run_train.sh avec seed initial : 2, nombre d'agents : 3 et freq échange de donnée : 1
Created folder: /home/adrissi/innovR/gegelati-apps/pendulum/logs/FL/3_Agents/nb_aggr_1|seed_2|2024-04-25_23:22.23
Start Pendulum application.
Number of threads: 48
Lancement du : ./auto_run_train.sh avec seed initial : 2, nombre d'agents : 3 et freq échange de donnée : 2
Created folder: /home/adrissi/innovR/gegelati-apps/pendulum/logs/FL/3_Agents/nb_aggr_2|seed_2|2024-04-25_23:35.32
Start Pendulum application.
Number of threads: 48
Lancement du : ./auto_run_train.sh avec seed initial : 2, nombre d'agents : 3 et freq échange de donnée : 3
Created folder: /home/adrissi/innovR/gegelati-apps/pendulum/logs/FL/3_Agents/nb_aggr_3|seed_2|2024-04-25_23:48.58
Start Pendulum application.
Number of threads: 48
Lancement du : ./auto_run_train.sh avec seed initial : 2, nombre d'agents : 3 et freq échange de donnée : 4
Created folder: /home/adrissi/innovR/gegelati-apps/pendulum/logs/FL/3_Agents/nb_aggr_4|seed_2|2024-04-26_00:02.20
Start Pendulum application.
Number of threads: 48
Lancement du : ./auto_run_train.sh avec seed initial : 2, nombre d'agents : 3 et freq échange de donnée : 5
Created folder: /home/adrissi/innovR/gegelati-apps/pendulum/logs/FL/3_Agents/nb_aggr_5|seed_2|2024-04-26_00:15.14
Start Pendulum application.
Number of threads: 48
Lancement du : ./auto_run_train.sh avec seed initial : 3, nombre d'agents : 3 et freq échange de donnée : 1
Created folder: /home/adrissi/innovR/gegelati-apps/pendulum/logs/FL/3_Agents/nb_aggr_1|seed_3|2024-04-26_00:26.38
Start Pendulum application.
Number of threads: 48
Lancement du : ./auto_run_train.sh avec seed initial : 3, nombre d'agents : 3 et freq échange de donnée : 2
Created folder: /home/adrissi/innovR/gegelati-apps/pendulum/logs/FL/3_Agents/nb_aggr_2|seed_3|2024-04-26_00:39.45
Start Pendulum application.
Number of threads: 48
Lancement du : ./auto_run_train.sh avec seed initial : 3, nombre d'agents : 3 et freq échange de donnée : 3
Created folder: /home/adrissi/innovR/gegelati-apps/pendulum/logs/FL/3_Agents/nb_aggr_3|seed_3|2024-04-26_00:52.44
Start Pendulum application.
Number of threads: 48
Lancement du : ./auto_run_train.sh avec seed initial : 3, nombre d'agents : 3 et freq échange de donnée : 4
Created folder: /home/adrissi/innovR/gegelati-apps/pendulum/logs/FL/3_Agents/nb_aggr_4|seed_3|2024-04-26_01:10.37
Start Pendulum application.
Number of threads: 48
Lancement du : ./auto_run_train.sh avec seed initial : 3, nombre d'agents : 3 et freq échange de donnée : 5
Created folder: /home/adrissi/innovR/gegelati-apps/pendulum/logs/FL/3_Agents/nb_aggr_5|seed_3|2024-04-26_01:22.51
Start Pendulum application.
Number of threads: 48
Lancement du : ./auto_run_train.sh avec seed initial : 4, nombre d'agents : 3 et freq échange de donnée : 1
Created folder: /home/adrissi/innovR/gegelati-apps/pendulum/logs/FL/3_Agents/nb_aggr_1|seed_4|2024-04-26_01:35.19
Start Pendulum application.
Number of threads: 48
Lancement du : ./auto_run_train.sh avec seed initial : 4, nombre d'agents : 3 et freq échange de donnée : 2
Created folder: /home/adrissi/innovR/gegelati-apps/pendulum/logs/FL/3_Agents/nb_aggr_2|seed_4|2024-04-26_01:48.22
Start Pendulum application.
Number of threads: 48
Lancement du : ./auto_run_train.sh avec seed initial : 4, nombre d'agents : 3 et freq échange de donnée : 3
Created folder: /home/adrissi/innovR/gegelati-apps/pendulum/logs/FL/3_Agents/nb_aggr_3|seed_4|2024-04-26_02:02.25
Start Pendulum application.
Number of threads: 48
Lancement du : ./auto_run_train.sh avec seed initial : 4, nombre d'agents : 3 et freq échange de donnée : 4
Created folder: /home/adrissi/innovR/gegelati-apps/pendulum/logs/FL/3_Agents/nb_aggr_4|seed_4|2024-04-26_02:17.22
Start Pendulum application.
Number of threads: 48
Lancement du : ./auto_run_train.sh avec seed initial : 4, nombre d'agents : 3 et freq échange de donnée : 5
Created folder: /home/adrissi/innovR/gegelati-apps/pendulum/logs/FL/3_Agents/nb_aggr_5|seed_4|2024-04-26_02:30.58
Start Pendulum application.
Number of threads: 48
Lancement du : ./auto_run_train.sh avec seed initial : 5, nombre d'agents : 3 et freq échange de donnée : 1
Created folder: /home/adrissi/innovR/gegelati-apps/pendulum/logs/FL/3_Agents/nb_aggr_1|seed_5|2024-04-26_02:44.45
Start Pendulum application.
Number of threads: 48
Lancement du : ./auto_run_train.sh avec seed initial : 5, nombre d'agents : 3 et freq échange de donnée : 2
Created folder: /home/adrissi/innovR/gegelati-apps/pendulum/logs/FL/3_Agents/nb_aggr_2|seed_5|2024-04-26_02:59.48
Start Pendulum application.
Number of threads: 48
Lancement du : ./auto_run_train.sh avec seed initial : 5, nombre d'agents : 3 et freq échange de donnée : 3
Created folder: /home/adrissi/innovR/gegelati-apps/pendulum/logs/FL/3_Agents/nb_aggr_3|seed_5|2024-04-26_03:14.38
Start Pendulum application.
Number of threads: 48
Lancement du : ./auto_run_train.sh avec seed initial : 5, nombre d'agents : 3 et freq échange de donnée : 4
Created folder: /home/adrissi/innovR/gegelati-apps/pendulum/logs/FL/3_Agents/nb_aggr_4|seed_5|2024-04-26_03:28.54
Start Pendulum application.
Number of threads: 48
Lancement du : ./auto_run_train.sh avec seed initial : 5, nombre d'agents : 3 et freq échange de donnée : 5
Created folder: /home/adrissi/innovR/gegelati-apps/pendulum/logs/FL/3_Agents/nb_aggr_5|seed_5|2024-04-26_03:43.38
Start Pendulum application.
Number of threads: 48
Lancement du : ./auto_run_train.sh avec seed initial : 0, nombre d'agents : 4 et freq échange de donnée : 1
Created folder: /home/adrissi/innovR/gegelati-apps/pendulum/logs/FL/4_Agents/nb_aggr_1|seed_0|2024-04-26_03:59.22
Start Pendulum application.
Number of threads: 48
Lancement du : ./auto_run_train.sh avec seed initial : 0, nombre d'agents : 4 et freq échange de donnée : 2
Created folder: /home/adrissi/innovR/gegelati-apps/pendulum/logs/FL/4_Agents/nb_aggr_2|seed_0|2024-04-26_04:18.49
Start Pendulum application.
Number of threads: 48
Lancement du : ./auto_run_train.sh avec seed initial : 0, nombre d'agents : 4 et freq échange de donnée : 3
Created folder: /home/adrissi/innovR/gegelati-apps/pendulum/logs/FL/4_Agents/nb_aggr_3|seed_0|2024-04-26_04:38.33
Start Pendulum application.
Number of threads: 48
Lancement du : ./auto_run_train.sh avec seed initial : 0, nombre d'agents : 4 et freq échange de donnée : 4
Created folder: /home/adrissi/innovR/gegelati-apps/pendulum/logs/FL/4_Agents/nb_aggr_4|seed_0|2024-04-26_04:59.17
Start Pendulum application.
Number of threads: 48
Lancement du : ./auto_run_train.sh avec seed initial : 0, nombre d'agents : 4 et freq échange de donnée : 5
Created folder: /home/adrissi/innovR/gegelati-apps/pendulum/logs/FL/4_Agents/nb_aggr_5|seed_0|2024-04-26_05:18.44
Start Pendulum application.
Number of threads: 48
Lancement du : ./auto_run_train.sh avec seed initial : 1, nombre d'agents : 4 et freq échange de donnée : 1
Created folder: /home/adrissi/innovR/gegelati-apps/pendulum/logs/FL/4_Agents/nb_aggr_1|seed_1|2024-04-26_05:38.06
Start Pendulum application.
Number of threads: 48
Lancement du : ./auto_run_train.sh avec seed initial : 1, nombre d'agents : 4 et freq échange de donnée : 2
Created folder: /home/adrissi/innovR/gegelati-apps/pendulum/logs/FL/4_Agents/nb_aggr_2|seed_1|2024-04-26_05:59.45
Start Pendulum application.
Number of threads: 48
Lancement du : ./auto_run_train.sh avec seed initial : 1, nombre d'agents : 4 et freq échange de donnée : 3
Created folder: /home/adrissi/innovR/gegelati-apps/pendulum/logs/FL/4_Agents/nb_aggr_3|seed_1|2024-04-26_06:21.11
Start Pendulum application.
Number of threads: 48
Lancement du : ./auto_run_train.sh avec seed initial : 1, nombre d'agents : 4 et freq échange de donnée : 4
Created folder: /home/adrissi/innovR/gegelati-apps/pendulum/logs/FL/4_Agents/nb_aggr_4|seed_1|2024-04-26_06:41.43
Start Pendulum application.
Number of threads: 48
Lancement du : ./auto_run_train.sh avec seed initial : 1, nombre d'agents : 4 et freq échange de donnée : 5
Created folder: /home/adrissi/innovR/gegelati-apps/pendulum/logs/FL/4_Agents/nb_aggr_5|seed_1|2024-04-26_07:04.54
Start Pendulum application.
Number of threads: 48
Lancement du : ./auto_run_train.sh avec seed initial : 2, nombre d'agents : 4 et freq échange de donnée : 1
Created folder: /home/adrissi/innovR/gegelati-apps/pendulum/logs/FL/4_Agents/nb_aggr_1|seed_2|2024-04-26_07:27.46
Start Pendulum application.
Number of threads: 48
Lancement du : ./auto_run_train.sh avec seed initial : 2, nombre d'agents : 4 et freq échange de donnée : 2
Created folder: /home/adrissi/innovR/gegelati-apps/pendulum/logs/FL/4_Agents/nb_aggr_2|seed_2|2024-04-26_07:46.26
Start Pendulum application.
Number of threads: 48
Lancement du : ./auto_run_train.sh avec seed initial : 2, nombre d'agents : 4 et freq échange de donnée : 3
Created folder: /home/adrissi/innovR/gegelati-apps/pendulum/logs/FL/4_Agents/nb_aggr_3|seed_2|2024-04-26_08:05.39
Start Pendulum application.
Number of threads: 48
Lancement du : ./auto_run_train.sh avec seed initial : 2, nombre d'agents : 4 et freq échange de donnée : 4
Created folder: /home/adrissi/innovR/gegelati-apps/pendulum/logs/FL/4_Agents/nb_aggr_4|seed_2|2024-04-26_08:25.36
Start Pendulum application.
Number of threads: 48
Lancement du : ./auto_run_train.sh avec seed initial : 2, nombre d'agents : 4 et freq échange de donnée : 5
Created folder: /home/adrissi/innovR/gegelati-apps/pendulum/logs/FL/4_Agents/nb_aggr_5|seed_2|2024-04-26_08:45.14
Start Pendulum application.
Number of threads: 48
Lancement du : ./auto_run_train.sh avec seed initial : 3, nombre d'agents : 4 et freq échange de donnée : 1
Created folder: /home/adrissi/innovR/gegelati-apps/pendulum/logs/FL/4_Agents/nb_aggr_1|seed_3|2024-04-26_09:04.55
Start Pendulum application.
Number of threads: 48
Lancement du : ./auto_run_train.sh avec seed initial : 3, nombre d'agents : 4 et freq échange de donnée : 2
Created folder: /home/adrissi/innovR/gegelati-apps/pendulum/logs/FL/4_Agents/nb_aggr_2|seed_3|2024-04-26_09:23.21
Start Pendulum application.
Number of threads: 48
Lancement du : ./auto_run_train.sh avec seed initial : 3, nombre d'agents : 4 et freq échange de donnée : 3
Created folder: /home/adrissi/innovR/gegelati-apps/pendulum/logs/FL/4_Agents/nb_aggr_3|seed_3|2024-04-26_09:42.40
Start Pendulum application.
Number of threads: 48
Lancement du : ./auto_run_train.sh avec seed initial : 3, nombre d'agents : 4 et freq échange de donnée : 4
Created folder: /home/adrissi/innovR/gegelati-apps/pendulum/logs/FL/4_Agents/nb_aggr_4|seed_3|2024-04-26_10:01.49
Start Pendulum application.
Number of threads: 48
Lancement du : ./auto_run_train.sh avec seed initial : 3, nombre d'agents : 4 et freq échange de donnée : 5
Created folder: /home/adrissi/innovR/gegelati-apps/pendulum/logs/FL/4_Agents/nb_aggr_5|seed_3|2024-04-26_10:20.29
Start Pendulum application.
Number of threads: 48
Lancement du : ./auto_run_train.sh avec seed initial : 4, nombre d'agents : 4 et freq échange de donnée : 1
Created folder: /home/adrissi/innovR/gegelati-apps/pendulum/logs/FL/4_Agents/nb_aggr_1|seed_4|2024-04-26_10:36.21
Start Pendulum application.
Number of threads: 48
Lancement du : ./auto_run_train.sh avec seed initial : 4, nombre d'agents : 4 et freq échange de donnée : 2
Created folder: /home/adrissi/innovR/gegelati-apps/pendulum/logs/FL/4_Agents/nb_aggr_2|seed_4|2024-04-26_10:53.36
Start Pendulum application.
Number of threads: 48
Lancement du : ./auto_run_train.sh avec seed initial : 4, nombre d'agents : 4 et freq échange de donnée : 3
Created folder: /home/adrissi/innovR/gegelati-apps/pendulum/logs/FL/4_Agents/nb_aggr_3|seed_4|2024-04-26_11:15.22
Start Pendulum application.
Number of threads: 48
Lancement du : ./auto_run_train.sh avec seed initial : 4, nombre d'agents : 4 et freq échange de donnée : 4
Created folder: /home/adrissi/innovR/gegelati-apps/pendulum/logs/FL/4_Agents/nb_aggr_4|seed_4|2024-04-26_11:35.44
Start Pendulum application.
Number of threads: 48
Lancement du : ./auto_run_train.sh avec seed initial : 4, nombre d'agents : 4 et freq échange de donnée : 5
Created folder: /home/adrissi/innovR/gegelati-apps/pendulum/logs/FL/4_Agents/nb_aggr_5|seed_4|2024-04-26_11:55.37
Start Pendulum application.
Number of threads: 48
Lancement du : ./auto_run_train.sh avec seed initial : 5, nombre d'agents : 4 et freq échange de donnée : 1
Created folder: /home/adrissi/innovR/gegelati-apps/pendulum/logs/FL/4_Agents/nb_aggr_1|seed_5|2024-04-26_12:13.13
Start Pendulum application.
Number of threads: 48
Lancement du : ./auto_run_train.sh avec seed initial : 5, nombre d'agents : 4 et freq échange de donnée : 2
Created folder: /home/adrissi/innovR/gegelati-apps/pendulum/logs/FL/4_Agents/nb_aggr_2|seed_5|2024-04-26_12:32.50
Start Pendulum application.
Number of threads: 48
Lancement du : ./auto_run_train.sh avec seed initial : 5, nombre d'agents : 4 et freq échange de donnée : 3
Created folder: /home/adrissi/innovR/gegelati-apps/pendulum/logs/FL/4_Agents/nb_aggr_3|seed_5|2024-04-26_12:52.42
Start Pendulum application.
Number of threads: 48
Lancement du : ./auto_run_train.sh avec seed initial : 5, nombre d'agents : 4 et freq échange de donnée : 4
Created folder: /home/adrissi/innovR/gegelati-apps/pendulum/logs/FL/4_Agents/nb_aggr_4|seed_5|2024-04-26_13:11.46
Start Pendulum application.
Number of threads: 48
Lancement du : ./auto_run_train.sh avec seed initial : 5, nombre d'agents : 4 et freq échange de donnée : 5
Created folder: /home/adrissi/innovR/gegelati-apps/pendulum/logs/FL/4_Agents/nb_aggr_5|seed_5|2024-04-26_13:28.11
Start Pendulum application.
Number of threads: 48
Lancement du : ./auto_run_train.sh avec seed initial : 0, nombre d'agents : 5 et freq échange de donnée : 1
Created folder: /home/adrissi/innovR/gegelati-apps/pendulum/logs/FL/5_Agents/nb_aggr_1|seed_0|2024-04-26_13:48.33
Start Pendulum application.
Number of threads: 48
Lancement du : ./auto_run_train.sh avec seed initial : 0, nombre d'agents : 5 et freq échange de donnée : 2
Created folder: /home/adrissi/innovR/gegelati-apps/pendulum/logs/FL/5_Agents/nb_aggr_2|seed_0|2024-04-26_14:10.54
Start Pendulum application.
Number of threads: 48
Lancement du : ./auto_run_train.sh avec seed initial : 0, nombre d'agents : 5 et freq échange de donnée : 3
Created folder: /home/adrissi/innovR/gegelati-apps/pendulum/logs/FL/5_Agents/nb_aggr_3|seed_0|2024-04-26_14:35.03
Start Pendulum application.
Number of threads: 48
Lancement du : ./auto_run_train.sh avec seed initial : 0, nombre d'agents : 5 et freq échange de donnée : 4
Created folder: /home/adrissi/innovR/gegelati-apps/pendulum/logs/FL/5_Agents/nb_aggr_4|seed_0|2024-04-26_14:57.18
Start Pendulum application.
Number of threads: 48
Lancement du : ./auto_run_train.sh avec seed initial : 0, nombre d'agents : 5 et freq échange de donnée : 5
Created folder: /home/adrissi/innovR/gegelati-apps/pendulum/logs/FL/5_Agents/nb_aggr_5|seed_0|2024-04-26_15:22.27
Start Pendulum application.
Number of threads: 48
Lancement du : ./auto_run_train.sh avec seed initial : 1, nombre d'agents : 5 et freq échange de donnée : 1
Created folder: /home/adrissi/innovR/gegelati-apps/pendulum/logs/FL/5_Agents/nb_aggr_1|seed_1|2024-04-26_15:45.17
Start Pendulum application.
Number of threads: 48
Lancement du : ./auto_run_train.sh avec seed initial : 1, nombre d'agents : 5 et freq échange de donnée : 2
Created folder: /home/adrissi/innovR/gegelati-apps/pendulum/logs/FL/5_Agents/nb_aggr_2|seed_1|2024-04-26_16:06.55
Start Pendulum application.
Number of threads: 48
Lancement du : ./auto_run_train.sh avec seed initial : 1, nombre d'agents : 5 et freq échange de donnée : 3
Created folder: /home/adrissi/innovR/gegelati-apps/pendulum/logs/FL/5_Agents/nb_aggr_3|seed_1|2024-04-26_16:32.15
Start Pendulum application.
Number of threads: 48
Lancement du : ./auto_run_train.sh avec seed initial : 1, nombre d'agents : 5 et freq échange de donnée : 4
Created folder: /home/adrissi/innovR/gegelati-apps/pendulum/logs/FL/5_Agents/nb_aggr_4|seed_1|2024-04-26_16:51.25
Start Pendulum application.
Number of threads: 48
Lancement du : ./auto_run_train.sh avec seed initial : 1, nombre d'agents : 5 et freq échange de donnée : 5
Created folder: /home/adrissi/innovR/gegelati-apps/pendulum/logs/FL/5_Agents/nb_aggr_5|seed_1|2024-04-26_17:14.50
Start Pendulum application.
Number of threads: 48
Lancement du : ./auto_run_train.sh avec seed initial : 2, nombre d'agents : 5 et freq échange de donnée : 1
Created folder: /home/adrissi/innovR/gegelati-apps/pendulum/logs/FL/5_Agents/nb_aggr_1|seed_2|2024-04-26_17:36.02
Start Pendulum application.
Number of threads: 48
Lancement du : ./auto_run_train.sh avec seed initial : 2, nombre d'agents : 5 et freq échange de donnée : 2
Created folder: /home/adrissi/innovR/gegelati-apps/pendulum/logs/FL/5_Agents/nb_aggr_2|seed_2|2024-04-26_18:00.40
Start Pendulum application.
Number of threads: 48
Lancement du : ./auto_run_train.sh avec seed initial : 2, nombre d'agents : 5 et freq échange de donnée : 3
Created folder: /home/adrissi/innovR/gegelati-apps/pendulum/logs/FL/5_Agents/nb_aggr_3|seed_2|2024-04-26_18:24.50
Start Pendulum application.
Number of threads: 48
Lancement du : ./auto_run_train.sh avec seed initial : 2, nombre d'agents : 5 et freq échange de donnée : 4
Created folder: /home/adrissi/innovR/gegelati-apps/pendulum/logs/FL/5_Agents/nb_aggr_4|seed_2|2024-04-26_18:47.44
Start Pendulum application.
Number of threads: 48
Lancement du : ./auto_run_train.sh avec seed initial : 2, nombre d'agents : 5 et freq échange de donnée : 5
Created folder: /home/adrissi/innovR/gegelati-apps/pendulum/logs/FL/5_Agents/nb_aggr_5|seed_2|2024-04-26_19:13.10
Start Pendulum application.
Number of threads: 48
Lancement du : ./auto_run_train.sh avec seed initial : 3, nombre d'agents : 5 et freq échange de donnée : 1
Created folder: /home/adrissi/innovR/gegelati-apps/pendulum/logs/FL/5_Agents/nb_aggr_1|seed_3|2024-04-26_19:34.25
Start Pendulum application.
Number of threads: 48
Lancement du : ./auto_run_train.sh avec seed initial : 3, nombre d'agents : 5 et freq échange de donnée : 2
Created folder: /home/adrissi/innovR/gegelati-apps/pendulum/logs/FL/5_Agents/nb_aggr_2|seed_3|2024-04-26_19:58.33
Start Pendulum application.
Number of threads: 48
Lancement du : ./auto_run_train.sh avec seed initial : 3, nombre d'agents : 5 et freq échange de donnée : 3
Created folder: /home/adrissi/innovR/gegelati-apps/pendulum/logs/FL/5_Agents/nb_aggr_3|seed_3|2024-04-26_20:20.12
Start Pendulum application.
Number of threads: 48
Lancement du : ./auto_run_train.sh avec seed initial : 3, nombre d'agents : 5 et freq échange de donnée : 4
Created folder: /home/adrissi/innovR/gegelati-apps/pendulum/logs/FL/5_Agents/nb_aggr_4|seed_3|2024-04-26_20:43.56
Start Pendulum application.
Number of threads: 48
Lancement du : ./auto_run_train.sh avec seed initial : 3, nombre d'agents : 5 et freq échange de donnée : 5
Created folder: /home/adrissi/innovR/gegelati-apps/pendulum/logs/FL/5_Agents/nb_aggr_5|seed_3|2024-04-26_21:04.44
Start Pendulum application.
Number of threads: 48
Lancement du : ./auto_run_train.sh avec seed initial : 4, nombre d'agents : 5 et freq échange de donnée : 1
Created folder: /home/adrissi/innovR/gegelati-apps/pendulum/logs/FL/5_Agents/nb_aggr_1|seed_4|2024-04-26_21:29.58
Start Pendulum application.
Number of threads: 48
Lancement du : ./auto_run_train.sh avec seed initial : 4, nombre d'agents : 5 et freq échange de donnée : 2
Created folder: /home/adrissi/innovR/gegelati-apps/pendulum/logs/FL/5_Agents/nb_aggr_2|seed_4|2024-04-26_21:51.40
Start Pendulum application.
Number of threads: 48
Lancement du : ./auto_run_train.sh avec seed initial : 4, nombre d'agents : 5 et freq échange de donnée : 3
Created folder: /home/adrissi/innovR/gegelati-apps/pendulum/logs/FL/5_Agents/nb_aggr_3|seed_4|2024-04-26_22:16.50
Start Pendulum application.
Number of threads: 48
Lancement du : ./auto_run_train.sh avec seed initial : 4, nombre d'agents : 5 et freq échange de donnée : 4
Created folder: /home/adrissi/innovR/gegelati-apps/pendulum/logs/FL/5_Agents/nb_aggr_4|seed_4|2024-04-26_22:41.11
Start Pendulum application.
Number of threads: 48
Lancement du : ./auto_run_train.sh avec seed initial : 4, nombre d'agents : 5 et freq échange de donnée : 5
Created folder: /home/adrissi/innovR/gegelati-apps/pendulum/logs/FL/5_Agents/nb_aggr_5|seed_4|2024-04-26_23:03.34
Start Pendulum application.
Number of threads: 48
Lancement du : ./auto_run_train.sh avec seed initial : 5, nombre d'agents : 5 et freq échange de donnée : 1
Created folder: /home/adrissi/innovR/gegelati-apps/pendulum/logs/FL/5_Agents/nb_aggr_1|seed_5|2024-04-26_23:24.53
Start Pendulum application.
Number of threads: 48
Lancement du : ./auto_run_train.sh avec seed initial : 5, nombre d'agents : 5 et freq échange de donnée : 2
Created folder: /home/adrissi/innovR/gegelati-apps/pendulum/logs/FL/5_Agents/nb_aggr_2|seed_5|2024-04-26_23:48.35
Start Pendulum application.
Number of threads: 48
Lancement du : ./auto_run_train.sh avec seed initial : 5, nombre d'agents : 5 et freq échange de donnée : 3
Created folder: /home/adrissi/innovR/gegelati-apps/pendulum/logs/FL/5_Agents/nb_aggr_3|seed_5|2024-04-27_00:11.21
Start Pendulum application.
Number of threads: 48
Lancement du : ./auto_run_train.sh avec seed initial : 5, nombre d'agents : 5 et freq échange de donnée : 4
Created folder: /home/adrissi/innovR/gegelati-apps/pendulum/logs/FL/5_Agents/nb_aggr_4|seed_5|2024-04-27_00:36.29
Start Pendulum application.
Number of threads: 48
Lancement du : ./auto_run_train.sh avec seed initial : 5, nombre d'agents : 5 et freq échange de donnée : 5
Created folder: /home/adrissi/innovR/gegelati-apps/pendulum/logs/FL/5_Agents/nb_aggr_5|seed_5|2024-04-27_00:58.23
Start Pendulum application.
Number of threads: 48
Toutes les exécutions sont terminées.
